#
# A fatal error has been detected by the Java Runtime Environment:
#
#  EXCEPTION_ACCESS_VIOLATION (0xc0000005) at pc=0x00007ffdbb0d62e2, pid=8084, tid=6632
#
# JRE version: Java(TM) SE Runtime Environment (17.0.5+9) (build 17.0.5+9-LTS-191)
# Java VM: Java HotSpot(TM) 64-Bit Server VM (17.0.5+9-LTS-191, mixed mode, sharing, tiered, compressed oops, compressed class ptrs, g1 gc, windows-amd64)
# Problematic frame:
# C  [ig12icd64.dll+0x2762e2]
#
# No core dump will be written. Minidumps are not enabled by default on client versions of Windows
#
# If you would like to submit a bug report, please visit:
#   https://bugreport.java.com/bugreport/crash.jsp
#

---------------  S U M M A R Y ------------

Command Line: -XX:+ShowCodeDetailsInExceptionMessages com.mygdx.code.DesktopLauncher

Host: 11th Gen Intel(R) Core(TM) i5-1135G7 @ 2.40GHz, 8 cores, 15G,  Windows 11 , 64 bit Build 22621 (10.0.22621.1485)
Time: Wed May  3 14:34:41 2023 Hora de verano romance elapsed time: 23.902906 seconds (0d 0h 0m 23s)

---------------  T H R E A D  ---------------

Current thread (0x000001a07ec19460):  VMThread "VM Thread" [stack: 0x0000006e1df00000,0x0000006e1e000000] [id=6632]

Stack: [0x0000006e1df00000,0x0000006e1e000000],  sp=0x0000006e1dffe450,  free space=1017k
Native frames: (J=compiled Java code, j=interpreted, Vv=VM code, C=native code)
C  [ig12icd64.dll+0x2762e2]


siginfo: EXCEPTION_ACCESS_VIOLATION (0xc0000005), reading address 0x00000000000351e8


Register to memory mapping:

RIP=0x00007ffdbb0d62e2 ig12icd64.dll
RAX=0x0 is NULL
RBX=0x000001a00414d280 points into unknown readable memory: 0x000001a07ea63200 | 00 32 a6 7e a0 01 00 00
RCX=0x000001a00414d348 points into unknown readable memory: 0x000000000014eb4d | 4d eb 14 00 00 00 00 00
RDX=0x0 is NULL
RSP=0x0000006e1dffe450 points into unknown readable memory: 0x000001a003ed9950 | 50 99 ed 03 a0 01 00 00
RBP=0x0000006e1dffe550 points into unknown readable memory: 0x0000006e1dffe5d8 | d8 e5 ff 1d 6e 00 00 00
RSI=0x000001a00414d710 points into unknown readable memory: 0x000001a004145900 | 00 59 14 04 a0 01 00 00
RDI=0x000001a002347c20 points into unknown readable memory: 0x00007ffdbb898300 | 00 83 89 bb fd 7f 00 00
R8 =0x000001a00414d348 points into unknown readable memory: 0x000000000014eb4d | 4d eb 14 00 00 00 00 00
R9 =0x0 is NULL
R10=0x0 is NULL
R11=0x0000000000000246 is an unknown value
R12=0x0 is NULL
R13=0x000001a00414d280 points into unknown readable memory: 0x000001a07ea63200 | 00 32 a6 7e a0 01 00 00
R14=0x0 is NULL
R15=0x0 is NULL


Registers:
RAX=0x0000000000000000, RBX=0x000001a00414d280, RCX=0x000001a00414d348, RDX=0x0000000000000000
RSP=0x0000006e1dffe450, RBP=0x0000006e1dffe550, RSI=0x000001a00414d710, RDI=0x000001a002347c20
R8 =0x000001a00414d348, R9 =0x0000000000000000, R10=0x0000000000000000, R11=0x0000000000000246
R12=0x0000000000000000, R13=0x000001a00414d280, R14=0x0000000000000000, R15=0x0000000000000000
RIP=0x00007ffdbb0d62e2, EFLAGS=0x0000000000010206

Top of Stack: (sp=0x0000006e1dffe450)
0x0000006e1dffe450:   000001a003ed9950 000001a003edb1f0
0x0000006e1dffe460:   0000000000000001 000001a006cd0000
0x0000006e1dffe470:   0000001603000000 0000000000000000
0x0000006e1dffe480:   000001a004145900 00007ffe2ae6ab01
0x0000006e1dffe490:   0000000001b0befc 000001a0027c0d40
0x0000006e1dffe4a0:   000001a003ee0510 0000000000000000
0x0000006e1dffe4b0:   0000000001b00004 0000000197e79657
0x0000006e1dffe4c0:   000001a0041c5690 0000000000000000
0x0000006e1dffe4d0:   0000006e1dff0090 000001a05c3695e0
0x0000006e1dffe4e0:   000001a004199f60 0000000600000152
0x0000006e1dffe4f0:   0000000000000000 00007ffd9ad92306
0x0000006e1dffe500:   0000071be4a0b9cb 000001a05c39b290
0x0000006e1dffe510:   000000000000000f 000001a05c39b290
0x0000006e1dffe520:   0000000000000001 00007ffe2aed2b24
0x0000006e1dffe530:   0000000000000000 0000000000000000
0x0000006e1dffe540:   0000006e1dffe6e0 00007ffe29cd41a9 

Instructions: (pc=0x00007ffdbb0d62e2)
0x00007ffdbb0d61e2:   f8 44 88 44 24 21 48 8b fa 4c 8b f1 48 89 4c 24
0x00007ffdbb0d61f2:   28 48 8b 1d 06 5b bb 00 48 89 5c 24 48 48 8b cb
0x00007ffdbb0d6202:   ff 15 f0 fe 7a 00 90 48 8b 87 80 02 00 00 48 89
0x00007ffdbb0d6212:   44 24 30 4c 8b 05 14 9c ab 00 41 8b 88 10 0a 00
0x00007ffdbb0d6222:   00 89 4c 24 24 45 32 e4 44 88 64 24 20 45 33 e4
0x00007ffdbb0d6232:   4c 89 a7 80 02 00 00 44 89 a7 88 02 00 00 4c 89
0x00007ffdbb0d6242:   a7 a0 02 00 00 4c 89 a7 90 02 00 00 4d 85 f6 75
0x00007ffdbb0d6252:   27 65 48 8b 0c 25 58 00 00 00 8b 05 ce 30 bb 00
0x00007ffdbb0d6262:   41 be 08 00 00 00 48 8b 04 c1 4d 8b 34 06 4c 89
0x00007ffdbb0d6272:   74 24 28 48 8b 44 24 30 4c 3b 35 ff 59 bb 00 0f
0x00007ffdbb0d6282:   84 db 10 00 00 48 85 c0 0f 84 84 0b 00 00 48 8b
0x00007ffdbb0d6292:   d8 4c 8b e8 48 8d b0 90 04 00 00 48 8b 06 48 89
0x00007ffdbb0d62a2:   44 24 30 45 84 ff 0f 85 59 0f 00 00 8b 97 d0 01
0x00007ffdbb0d62b2:   00 00 41 83 b8 7c 03 00 00 02 75 31 4c 8d 83 c8
0x00007ffdbb0d62c2:   00 00 00 83 fa 10 0f 83 7b 08 00 00 48 6b ca 38
0x00007ffdbb0d62d2:   49 03 c8 48 85 c9 0f 84 df 08 00 00 48 8b 41 08
0x00007ffdbb0d62e2:   49 3b 86 e8 51 03 00 0f 87 28 0f 00 00 48 83 bb
0x00007ffdbb0d62f2:   e8 04 00 00 00 0f 85 6a 88 67 00 44 8b 8f d0 01
0x00007ffdbb0d6302:   00 00 48 8b 87 e8 01 00 00 4c 8b 00 8b 8f d0 01
0x00007ffdbb0d6312:   00 00 4c 8d b3 c8 00 00 00 83 f9 10 0f 83 62 08
0x00007ffdbb0d6322:   00 00 48 6b c9 38 49 03 ce 48 85 c9 0f 84 91 08
0x00007ffdbb0d6332:   00 00 4c 39 41 08 0f 86 87 08 00 00 48 8b 87 80
0x00007ffdbb0d6342:   02 00 00 48 89 06 48 89 9f 80 02 00 00 ff 87 88
0x00007ffdbb0d6352:   02 00 00 48 8b 4b 08 48 8b 01 ba 01 00 00 00 48
0x00007ffdbb0d6362:   8b 80 e0 02 00 00 ff 15 8a 02 7b 00 0f b7 c8 48
0x00007ffdbb0d6372:   2b c1 48 05 00 00 01 00 48 01 87 90 02 00 00 48
0x00007ffdbb0d6382:   8b 4b 08 48 8b 01 ba 01 00 00 00 48 8b 80 e0 02
0x00007ffdbb0d6392:   00 00 ff 15 5e 02 7b 00 48 01 87 a0 02 00 00 e9
0x00007ffdbb0d63a2:   7b 07 00 00 48 6b c6 38 49 03 c6 48 85 c0 0f 84
0x00007ffdbb0d63b2:   90 09 00 00 4c 89 60 10 4c 8d b7 f0 02 00 00 49
0x00007ffdbb0d63c2:   8b 36 48 89 74 24 78 48 b8 aa aa aa aa aa aa aa
0x00007ffdbb0d63d2:   0a 49 39 46 08 0f 84 a5 88 67 00 4c 89 74 24 60 


Stack slot to memory mapping:
stack at sp + 0 slots: 0x000001a003ed9950 points into unknown readable memory: 0x000001a003ed9960 | 60 99 ed 03 a0 01 00 00
stack at sp + 1 slots: 0x000001a003edb1f0 points into unknown readable memory: 0x0000000000000000 | 00 00 00 00 00 00 00 00
stack at sp + 2 slots: 0x0000000000000001 is an unknown value
stack at sp + 3 slots: 0x000001a006cd0000 points into unknown readable memory: 0x00000000781b0007 | 07 00 1b 78 00 00 00 00
stack at sp + 4 slots: 0x0000001603000000 is an unknown value
stack at sp + 5 slots: 0x0 is NULL
stack at sp + 6 slots: 0x000001a004145900 points into unknown readable memory: 0x000001a07ea63200 | 00 32 a6 7e a0 01 00 00
stack at sp + 7 slots: 0x00007ffe2ae6ab01 ntdll.dll

VM_Operation (0x0000006e1d9fefc0): Exit, mode: safepoint, requested by thread 0x000001a05c34feb0


---------------  P R O C E S S  ---------------

Threads class SMR info:
_java_thread_list=0x000001a00461e430, length=14, elements={
0x000001a05c34feb0, 0x000001a07f800080, 0x000001a07f800c30, 0x000001a07f81af40,
0x000001a07f81baf0, 0x000001a07f81e4b0, 0x000001a07f81ee60, 0x000001a07f81fb40,
0x000001a07f829510, 0x000001a07f835f80, 0x000001a07f9657f0, 0x000001a07f96ed30,
0x000001a0042c4530, 0x000001a0042c6210
}

Java Threads: ( => current thread )
  0x000001a05c34feb0 JavaThread "main" [_thread_blocked, id=26284, stack(0x0000006e1d900000,0x0000006e1da00000)]
  0x000001a07f800080 JavaThread "Reference Handler" daemon [_thread_blocked, id=5272, stack(0x0000006e1e000000,0x0000006e1e100000)]
  0x000001a07f800c30 JavaThread "Finalizer" daemon [_thread_blocked, id=12000, stack(0x0000006e1e100000,0x0000006e1e200000)]
  0x000001a07f81af40 JavaThread "Signal Dispatcher" daemon [_thread_blocked, id=19972, stack(0x0000006e1e200000,0x0000006e1e300000)]
  0x000001a07f81baf0 JavaThread "Attach Listener" daemon [_thread_blocked, id=4284, stack(0x0000006e1e300000,0x0000006e1e400000)]
  0x000001a07f81e4b0 JavaThread "Service Thread" daemon [_thread_blocked, id=8584, stack(0x0000006e1e400000,0x0000006e1e500000)]
  0x000001a07f81ee60 JavaThread "Monitor Deflation Thread" daemon [_thread_blocked, id=19888, stack(0x0000006e1e500000,0x0000006e1e600000)]
  0x000001a07f81fb40 JavaThread "C2 CompilerThread0" daemon [_thread_blocked, id=18628, stack(0x0000006e1e600000,0x0000006e1e700000)]
  0x000001a07f829510 JavaThread "C1 CompilerThread0" daemon [_thread_blocked, id=2752, stack(0x0000006e1e700000,0x0000006e1e800000)]
  0x000001a07f835f80 JavaThread "Sweeper thread" daemon [_thread_blocked, id=25800, stack(0x0000006e1e800000,0x0000006e1e900000)]
  0x000001a07f9657f0 JavaThread "Notification Thread" daemon [_thread_blocked, id=14016, stack(0x0000006e1e900000,0x0000006e1ea00000)]
  0x000001a07f96ed30 JavaThread "Common-Cleaner" daemon [_thread_blocked, id=8180, stack(0x0000006e1eb00000,0x0000006e1ec00000)]
  0x000001a0042c4530 JavaThread "AssetManager" daemon [_thread_blocked, id=11456, stack(0x0000006e1f500000,0x0000006e1f600000)]
  0x000001a0042c6210 JavaThread "LWJGL3 Timer" daemon [_thread_blocked, id=5572, stack(0x0000006e1f700000,0x0000006e1f800000)]

Other Threads:
=>0x000001a07ec19460 VMThread "VM Thread" [stack: 0x0000006e1df00000,0x0000006e1e000000] [id=6632]
  0x000001a05c3c3030 GCTaskThread "GC Thread#0" [stack: 0x0000006e1da00000,0x0000006e1db00000] [id=4900]
  0x000001a0041ef8a0 GCTaskThread "GC Thread#1" [stack: 0x0000006e1f800000,0x0000006e1f900000] [id=820]
  0x000001a00427f5c0 GCTaskThread "GC Thread#2" [stack: 0x0000006e1f900000,0x0000006e1fa00000] [id=27308]
  0x000001a0041e5360 GCTaskThread "GC Thread#3" [stack: 0x0000006e1fa00000,0x0000006e1fb00000] [id=27172]
  0x000001a0041e5610 GCTaskThread "GC Thread#4" [stack: 0x0000006e1fb00000,0x0000006e1fc00000] [id=12108]
  0x000001a00462e040 GCTaskThread "GC Thread#5" [stack: 0x0000006e1fc00000,0x0000006e1fd00000] [id=18252]
  0x000001a0043d3970 GCTaskThread "GC Thread#6" [stack: 0x0000006e1fd00000,0x0000006e1fe00000] [id=10796]
  0x000001a0043d3c20 GCTaskThread "GC Thread#7" [stack: 0x0000006e1fe00000,0x0000006e1ff00000] [id=13824]
  0x000001a05c3d3c40 ConcurrentGCThread "G1 Main Marker" terminated
  0x000001a05c3d57c0 ConcurrentGCThread "G1 Conc#0" [stack: 0x0000006e1dc00000,0x0000006e1dd00000] [id=16584]
  0x000001a05c4003f0 ConcurrentGCThread "G1 Refine#0" terminated
  0x000001a07eae6fe0 ConcurrentGCThread "G1 Service" terminated

Threads with active compile tasks:

VM state: at safepoint (shutting down)

VM Mutex/Monitor currently owned by a thread:  ([mutex/lock_event])
[0x000001a05c34b5f0] Threads_lock - owner thread: 0x000001a07ec19460
[0x000001a05c34b7a0] Heap_lock - owner thread: 0x000001a05c34feb0

Heap address: 0x0000000703200000, size: 4046 MB, Compressed Oops mode: Zero based, Oop shift amount: 3

CDS archive(s) mapped at: [0x0000000800000000-0x0000000800bd0000-0x0000000800bd0000), size 12386304, SharedBaseAddress: 0x0000000800000000, ArchiveRelocationMode: 0.
Compressed class space mapped at: 0x0000000800c00000-0x0000000840c00000, reserved size: 1073741824
Narrow klass base: 0x0000000800000000, Narrow klass shift: 0, Narrow klass range: 0x100000000

GC Precious Log:
 CPUs: 8 total, 8 available
 Memory: 16179M
 Large Page Support: Disabled
 NUMA Support: Disabled
 Compressed Oops: Enabled (Zero based)
 Heap Region Size: 2M
 Heap Min Capacity: 8M
 Heap Initial Capacity: 254M
 Heap Max Capacity: 4046M
 Pre-touch: Disabled
 Parallel Workers: 8
 Concurrent Workers: 2
 Concurrent Refinement Workers: 8
 Periodic GC: Disabled

Heap:
 garbage-first heap   total 260096K, used 146055K [0x0000000703200000, 0x0000000800000000)
  region size 2048K, 73 young (149504K), 2 survivors (4096K)
 Metaspace       used 7080K, committed 7296K, reserved 1064960K
  class space    used 517K, committed 640K, reserved 1048576K

Heap Regions: E=young(eden), S=young(survivor), O=old, HS=humongous(starts), HC=humongous(continues), CS=collection set, F=free, OA=open archive, CA=closed archive, TAMS=top-at-mark-start (previous, next)
|   0|0x0000000703200000, 0x0000000703200000, 0x0000000703400000|  0%| F|  |TAMS 0x0000000703200000, 0x0000000703200000| Untracked 
|   1|0x0000000703400000, 0x0000000703400000, 0x0000000703600000|  0%| F|  |TAMS 0x0000000703400000, 0x0000000703400000| Untracked 
|   2|0x0000000703600000, 0x0000000703600000, 0x0000000703800000|  0%| F|  |TAMS 0x0000000703600000, 0x0000000703600000| Untracked 
|   3|0x0000000703800000, 0x0000000703800000, 0x0000000703a00000|  0%| F|  |TAMS 0x0000000703800000, 0x0000000703800000| Untracked 
|   4|0x0000000703a00000, 0x0000000703a00000, 0x0000000703c00000|  0%| F|  |TAMS 0x0000000703a00000, 0x0000000703a00000| Untracked 
|   5|0x0000000703c00000, 0x0000000703c00000, 0x0000000703e00000|  0%| F|  |TAMS 0x0000000703c00000, 0x0000000703c00000| Untracked 
|   6|0x0000000703e00000, 0x0000000703e00000, 0x0000000704000000|  0%| F|  |TAMS 0x0000000703e00000, 0x0000000703e00000| Untracked 
|   7|0x0000000704000000, 0x0000000704000000, 0x0000000704200000|  0%| F|  |TAMS 0x0000000704000000, 0x0000000704000000| Untracked 
|   8|0x0000000704200000, 0x0000000704200000, 0x0000000704400000|  0%| F|  |TAMS 0x0000000704200000, 0x0000000704200000| Untracked 
|   9|0x0000000704400000, 0x0000000704400000, 0x0000000704600000|  0%| F|  |TAMS 0x0000000704400000, 0x0000000704400000| Untracked 
|  10|0x0000000704600000, 0x0000000704600000, 0x0000000704800000|  0%| F|  |TAMS 0x0000000704600000, 0x0000000704600000| Untracked 
|  11|0x0000000704800000, 0x0000000704800000, 0x0000000704a00000|  0%| F|  |TAMS 0x0000000704800000, 0x0000000704800000| Untracked 
|  12|0x0000000704a00000, 0x0000000704a00000, 0x0000000704c00000|  0%| F|  |TAMS 0x0000000704a00000, 0x0000000704a00000| Untracked 
|  13|0x0000000704c00000, 0x0000000704c00000, 0x0000000704e00000|  0%| F|  |TAMS 0x0000000704c00000, 0x0000000704c00000| Untracked 
|  14|0x0000000704e00000, 0x0000000704e00000, 0x0000000705000000|  0%| F|  |TAMS 0x0000000704e00000, 0x0000000704e00000| Untracked 
|  15|0x0000000705000000, 0x0000000705000000, 0x0000000705200000|  0%| F|  |TAMS 0x0000000705000000, 0x0000000705000000| Untracked 
|  16|0x0000000705200000, 0x0000000705200000, 0x0000000705400000|  0%| F|  |TAMS 0x0000000705200000, 0x0000000705200000| Untracked 
|  17|0x0000000705400000, 0x0000000705400000, 0x0000000705600000|  0%| F|  |TAMS 0x0000000705400000, 0x0000000705400000| Untracked 
|  18|0x0000000705600000, 0x0000000705600000, 0x0000000705800000|  0%| F|  |TAMS 0x0000000705600000, 0x0000000705600000| Untracked 
|  19|0x0000000705800000, 0x0000000705800000, 0x0000000705a00000|  0%| F|  |TAMS 0x0000000705800000, 0x0000000705800000| Untracked 
|  20|0x0000000705a00000, 0x0000000705a00000, 0x0000000705c00000|  0%| F|  |TAMS 0x0000000705a00000, 0x0000000705a00000| Untracked 
|  21|0x0000000705c00000, 0x0000000705c00000, 0x0000000705e00000|  0%| F|  |TAMS 0x0000000705c00000, 0x0000000705c00000| Untracked 
|  22|0x0000000705e00000, 0x0000000705e00000, 0x0000000706000000|  0%| F|  |TAMS 0x0000000705e00000, 0x0000000705e00000| Untracked 
|  23|0x0000000706000000, 0x0000000706000000, 0x0000000706200000|  0%| F|  |TAMS 0x0000000706000000, 0x0000000706000000| Untracked 
|  24|0x0000000706200000, 0x0000000706200000, 0x0000000706400000|  0%| F|  |TAMS 0x0000000706200000, 0x0000000706200000| Untracked 
|  25|0x0000000706400000, 0x0000000706400000, 0x0000000706600000|  0%| F|  |TAMS 0x0000000706400000, 0x0000000706400000| Untracked 
|  26|0x0000000706600000, 0x0000000706600000, 0x0000000706800000|  0%| F|  |TAMS 0x0000000706600000, 0x0000000706600000| Untracked 
|  27|0x0000000706800000, 0x0000000706800000, 0x0000000706a00000|  0%| F|  |TAMS 0x0000000706800000, 0x0000000706800000| Untracked 
|  28|0x0000000706a00000, 0x0000000706a00000, 0x0000000706c00000|  0%| F|  |TAMS 0x0000000706a00000, 0x0000000706a00000| Untracked 
|  29|0x0000000706c00000, 0x0000000706c00000, 0x0000000706e00000|  0%| F|  |TAMS 0x0000000706c00000, 0x0000000706c00000| Untracked 
|  30|0x0000000706e00000, 0x0000000706e00000, 0x0000000707000000|  0%| F|  |TAMS 0x0000000706e00000, 0x0000000706e00000| Untracked 
|  31|0x0000000707000000, 0x0000000707000000, 0x0000000707200000|  0%| F|  |TAMS 0x0000000707000000, 0x0000000707000000| Untracked 
|  32|0x0000000707200000, 0x0000000707200000, 0x0000000707400000|  0%| F|  |TAMS 0x0000000707200000, 0x0000000707200000| Untracked 
|  33|0x0000000707400000, 0x0000000707400000, 0x0000000707600000|  0%| F|  |TAMS 0x0000000707400000, 0x0000000707400000| Untracked 
|  34|0x0000000707600000, 0x0000000707600000, 0x0000000707800000|  0%| F|  |TAMS 0x0000000707600000, 0x0000000707600000| Untracked 
|  35|0x0000000707800000, 0x0000000707800000, 0x0000000707a00000|  0%| F|  |TAMS 0x0000000707800000, 0x0000000707800000| Untracked 
|  36|0x0000000707a00000, 0x0000000707a00000, 0x0000000707c00000|  0%| F|  |TAMS 0x0000000707a00000, 0x0000000707a00000| Untracked 
|  37|0x0000000707c00000, 0x0000000707c00000, 0x0000000707e00000|  0%| F|  |TAMS 0x0000000707c00000, 0x0000000707c00000| Untracked 
|  38|0x0000000707e00000, 0x0000000707e00000, 0x0000000708000000|  0%| F|  |TAMS 0x0000000707e00000, 0x0000000707e00000| Untracked 
|  39|0x0000000708000000, 0x0000000708000000, 0x0000000708200000|  0%| F|  |TAMS 0x0000000708000000, 0x0000000708000000| Untracked 
|  40|0x0000000708200000, 0x0000000708200000, 0x0000000708400000|  0%| F|  |TAMS 0x0000000708200000, 0x0000000708200000| Untracked 
|  41|0x0000000708400000, 0x0000000708400000, 0x0000000708600000|  0%| F|  |TAMS 0x0000000708400000, 0x0000000708400000| Untracked 
|  42|0x0000000708600000, 0x0000000708600000, 0x0000000708800000|  0%| F|  |TAMS 0x0000000708600000, 0x0000000708600000| Untracked 
|  43|0x0000000708800000, 0x0000000708800000, 0x0000000708a00000|  0%| F|  |TAMS 0x0000000708800000, 0x0000000708800000| Untracked 
|  44|0x0000000708a00000, 0x0000000708a00000, 0x0000000708c00000|  0%| F|  |TAMS 0x0000000708a00000, 0x0000000708a00000| Untracked 
|  45|0x0000000708c00000, 0x0000000708c00000, 0x0000000708e00000|  0%| F|  |TAMS 0x0000000708c00000, 0x0000000708c00000| Untracked 
|  46|0x0000000708e00000, 0x0000000708e00000, 0x0000000709000000|  0%| F|  |TAMS 0x0000000708e00000, 0x0000000708e00000| Untracked 
|  47|0x0000000709000000, 0x0000000709000000, 0x0000000709200000|  0%| F|  |TAMS 0x0000000709000000, 0x0000000709000000| Untracked 
|  48|0x0000000709200000, 0x0000000709200000, 0x0000000709400000|  0%| F|  |TAMS 0x0000000709200000, 0x0000000709200000| Untracked 
|  49|0x0000000709400000, 0x0000000709400000, 0x0000000709600000|  0%| F|  |TAMS 0x0000000709400000, 0x0000000709400000| Untracked 
|  50|0x0000000709600000, 0x0000000709600000, 0x0000000709800000|  0%| F|  |TAMS 0x0000000709600000, 0x0000000709600000| Untracked 
|  51|0x0000000709800000, 0x0000000709800000, 0x0000000709a00000|  0%| F|  |TAMS 0x0000000709800000, 0x0000000709800000| Untracked 
|  52|0x0000000709a00000, 0x0000000709a00000, 0x0000000709c00000|  0%| F|  |TAMS 0x0000000709a00000, 0x0000000709a00000| Untracked 
|  53|0x0000000709c00000, 0x0000000709c00000, 0x0000000709e00000|  0%| F|  |TAMS 0x0000000709c00000, 0x0000000709c00000| Untracked 
|  54|0x0000000709e00000, 0x000000070a000000, 0x000000070a000000|100%| E|  |TAMS 0x0000000709e00000, 0x0000000709e00000| Complete 
|  55|0x000000070a000000, 0x000000070a200000, 0x000000070a200000|100%| E|CS|TAMS 0x000000070a000000, 0x000000070a000000| Complete 
|  56|0x000000070a200000, 0x000000070a400000, 0x000000070a400000|100%| E|CS|TAMS 0x000000070a200000, 0x000000070a200000| Complete 
|  57|0x000000070a400000, 0x000000070a600000, 0x000000070a600000|100%| E|CS|TAMS 0x000000070a400000, 0x000000070a400000| Complete 
|  58|0x000000070a600000, 0x000000070a800000, 0x000000070a800000|100%| E|CS|TAMS 0x000000070a600000, 0x000000070a600000| Complete 
|  59|0x000000070a800000, 0x000000070aa00000, 0x000000070aa00000|100%| E|CS|TAMS 0x000000070a800000, 0x000000070a800000| Complete 
|  60|0x000000070aa00000, 0x000000070ac00000, 0x000000070ac00000|100%| E|CS|TAMS 0x000000070aa00000, 0x000000070aa00000| Complete 
|  61|0x000000070ac00000, 0x000000070ae00000, 0x000000070ae00000|100%| E|CS|TAMS 0x000000070ac00000, 0x000000070ac00000| Complete 
|  62|0x000000070ae00000, 0x000000070b000000, 0x000000070b000000|100%| E|CS|TAMS 0x000000070ae00000, 0x000000070ae00000| Complete 
|  63|0x000000070b000000, 0x000000070b200000, 0x000000070b200000|100%| E|CS|TAMS 0x000000070b000000, 0x000000070b000000| Complete 
|  64|0x000000070b200000, 0x000000070b400000, 0x000000070b400000|100%| E|CS|TAMS 0x000000070b200000, 0x000000070b200000| Complete 
|  65|0x000000070b400000, 0x000000070b600000, 0x000000070b600000|100%| E|CS|TAMS 0x000000070b400000, 0x000000070b400000| Complete 
|  66|0x000000070b600000, 0x000000070b800000, 0x000000070b800000|100%| E|CS|TAMS 0x000000070b600000, 0x000000070b600000| Complete 
|  67|0x000000070b800000, 0x000000070ba00000, 0x000000070ba00000|100%| E|CS|TAMS 0x000000070b800000, 0x000000070b800000| Complete 
|  68|0x000000070ba00000, 0x000000070bc00000, 0x000000070bc00000|100%| E|CS|TAMS 0x000000070ba00000, 0x000000070ba00000| Complete 
|  69|0x000000070bc00000, 0x000000070be00000, 0x000000070be00000|100%| E|CS|TAMS 0x000000070bc00000, 0x000000070bc00000| Complete 
|  70|0x000000070be00000, 0x000000070c000000, 0x000000070c000000|100%| E|CS|TAMS 0x000000070be00000, 0x000000070be00000| Complete 
|  71|0x000000070c000000, 0x000000070c200000, 0x000000070c200000|100%| E|CS|TAMS 0x000000070c000000, 0x000000070c000000| Complete 
|  72|0x000000070c200000, 0x000000070c400000, 0x000000070c400000|100%| E|CS|TAMS 0x000000070c200000, 0x000000070c200000| Complete 
|  73|0x000000070c400000, 0x000000070c600000, 0x000000070c600000|100%| E|CS|TAMS 0x000000070c400000, 0x000000070c400000| Complete 
|  74|0x000000070c600000, 0x000000070c800000, 0x000000070c800000|100%| E|CS|TAMS 0x000000070c600000, 0x000000070c600000| Complete 
|  75|0x000000070c800000, 0x000000070ca00000, 0x000000070ca00000|100%| E|CS|TAMS 0x000000070c800000, 0x000000070c800000| Complete 
|  76|0x000000070ca00000, 0x000000070cc00000, 0x000000070cc00000|100%| E|CS|TAMS 0x000000070ca00000, 0x000000070ca00000| Complete 
|  77|0x000000070cc00000, 0x000000070ce00000, 0x000000070ce00000|100%| E|CS|TAMS 0x000000070cc00000, 0x000000070cc00000| Complete 
|  78|0x000000070ce00000, 0x000000070d000000, 0x000000070d000000|100%| E|CS|TAMS 0x000000070ce00000, 0x000000070ce00000| Complete 
|  79|0x000000070d000000, 0x000000070d200000, 0x000000070d200000|100%| E|CS|TAMS 0x000000070d000000, 0x000000070d000000| Complete 
|  80|0x000000070d200000, 0x000000070d400000, 0x000000070d400000|100%| E|CS|TAMS 0x000000070d200000, 0x000000070d200000| Complete 
|  81|0x000000070d400000, 0x000000070d600000, 0x000000070d600000|100%| E|CS|TAMS 0x000000070d400000, 0x000000070d400000| Complete 
|  82|0x000000070d600000, 0x000000070d800000, 0x000000070d800000|100%| E|CS|TAMS 0x000000070d600000, 0x000000070d600000| Complete 
|  83|0x000000070d800000, 0x000000070da00000, 0x000000070da00000|100%| E|CS|TAMS 0x000000070d800000, 0x000000070d800000| Complete 
|  84|0x000000070da00000, 0x000000070dc00000, 0x000000070dc00000|100%| E|CS|TAMS 0x000000070da00000, 0x000000070da00000| Complete 
|  85|0x000000070dc00000, 0x000000070de00000, 0x000000070de00000|100%| E|CS|TAMS 0x000000070dc00000, 0x000000070dc00000| Complete 
|  86|0x000000070de00000, 0x000000070e000000, 0x000000070e000000|100%| E|CS|TAMS 0x000000070de00000, 0x000000070de00000| Complete 
|  87|0x000000070e000000, 0x000000070e200000, 0x000000070e200000|100%| E|CS|TAMS 0x000000070e000000, 0x000000070e000000| Complete 
|  88|0x000000070e200000, 0x000000070e400000, 0x000000070e400000|100%| E|CS|TAMS 0x000000070e200000, 0x000000070e200000| Complete 
|  89|0x000000070e400000, 0x000000070e600000, 0x000000070e600000|100%| E|CS|TAMS 0x000000070e400000, 0x000000070e400000| Complete 
|  90|0x000000070e600000, 0x000000070e800000, 0x000000070e800000|100%| E|CS|TAMS 0x000000070e600000, 0x000000070e600000| Complete 
|  91|0x000000070e800000, 0x000000070ea00000, 0x000000070ea00000|100%| E|CS|TAMS 0x000000070e800000, 0x000000070e800000| Complete 
|  92|0x000000070ea00000, 0x000000070ec00000, 0x000000070ec00000|100%| E|CS|TAMS 0x000000070ea00000, 0x000000070ea00000| Complete 
|  93|0x000000070ec00000, 0x000000070ee00000, 0x000000070ee00000|100%| E|CS|TAMS 0x000000070ec00000, 0x000000070ec00000| Complete 
|  94|0x000000070ee00000, 0x000000070f000000, 0x000000070f000000|100%| E|CS|TAMS 0x000000070ee00000, 0x000000070ee00000| Complete 
|  95|0x000000070f000000, 0x000000070f200000, 0x000000070f200000|100%| E|CS|TAMS 0x000000070f000000, 0x000000070f000000| Complete 
|  96|0x000000070f200000, 0x000000070f400000, 0x000000070f400000|100%| E|CS|TAMS 0x000000070f200000, 0x000000070f200000| Complete 
|  97|0x000000070f400000, 0x000000070f600000, 0x000000070f600000|100%| E|CS|TAMS 0x000000070f400000, 0x000000070f400000| Complete 
|  98|0x000000070f600000, 0x000000070f800000, 0x000000070f800000|100%| E|CS|TAMS 0x000000070f600000, 0x000000070f600000| Complete 
|  99|0x000000070f800000, 0x000000070fa00000, 0x000000070fa00000|100%| E|CS|TAMS 0x000000070f800000, 0x000000070f800000| Complete 
| 100|0x000000070fa00000, 0x000000070fc00000, 0x000000070fc00000|100%| E|CS|TAMS 0x000000070fa00000, 0x000000070fa00000| Complete 
| 101|0x000000070fc00000, 0x000000070fe00000, 0x000000070fe00000|100%| E|CS|TAMS 0x000000070fc00000, 0x000000070fc00000| Complete 
| 102|0x000000070fe00000, 0x0000000710000000, 0x0000000710000000|100%| E|CS|TAMS 0x000000070fe00000, 0x000000070fe00000| Complete 
| 103|0x0000000710000000, 0x0000000710200000, 0x0000000710200000|100%| E|CS|TAMS 0x0000000710000000, 0x0000000710000000| Complete 
| 104|0x0000000710200000, 0x0000000710400000, 0x0000000710400000|100%| E|CS|TAMS 0x0000000710200000, 0x0000000710200000| Complete 
| 105|0x0000000710400000, 0x0000000710600000, 0x0000000710600000|100%| E|CS|TAMS 0x0000000710400000, 0x0000000710400000| Complete 
| 106|0x0000000710600000, 0x0000000710800000, 0x0000000710800000|100%| E|CS|TAMS 0x0000000710600000, 0x0000000710600000| Complete 
| 107|0x0000000710800000, 0x00000007108a1ff0, 0x0000000710a00000| 31%| S|CS|TAMS 0x0000000710800000, 0x0000000710800000| Complete 
| 108|0x0000000710a00000, 0x0000000710c00000, 0x0000000710c00000|100%| S|CS|TAMS 0x0000000710a00000, 0x0000000710a00000| Complete 
| 109|0x0000000710c00000, 0x0000000710e00000, 0x0000000710e00000|100%| E|CS|TAMS 0x0000000710c00000, 0x0000000710c00000| Complete 
| 110|0x0000000710e00000, 0x0000000711000000, 0x0000000711000000|100%| E|CS|TAMS 0x0000000710e00000, 0x0000000710e00000| Complete 
| 111|0x0000000711000000, 0x0000000711200000, 0x0000000711200000|100%| E|CS|TAMS 0x0000000711000000, 0x0000000711000000| Complete 
| 112|0x0000000711200000, 0x0000000711400000, 0x0000000711400000|100%| E|CS|TAMS 0x0000000711200000, 0x0000000711200000| Complete 
| 113|0x0000000711400000, 0x0000000711600000, 0x0000000711600000|100%| E|CS|TAMS 0x0000000711400000, 0x0000000711400000| Complete 
| 114|0x0000000711600000, 0x0000000711800000, 0x0000000711800000|100%| E|CS|TAMS 0x0000000711600000, 0x0000000711600000| Complete 
| 115|0x0000000711800000, 0x0000000711a00000, 0x0000000711a00000|100%| E|CS|TAMS 0x0000000711800000, 0x0000000711800000| Complete 
| 116|0x0000000711a00000, 0x0000000711c00000, 0x0000000711c00000|100%| E|CS|TAMS 0x0000000711a00000, 0x0000000711a00000| Complete 
| 117|0x0000000711c00000, 0x0000000711e00000, 0x0000000711e00000|100%| E|CS|TAMS 0x0000000711c00000, 0x0000000711c00000| Complete 
| 118|0x0000000711e00000, 0x0000000712000000, 0x0000000712000000|100%| E|CS|TAMS 0x0000000711e00000, 0x0000000711e00000| Complete 
| 119|0x0000000712000000, 0x0000000712200000, 0x0000000712200000|100%| E|CS|TAMS 0x0000000712000000, 0x0000000712000000| Complete 
| 120|0x0000000712200000, 0x0000000712400000, 0x0000000712400000|100%| E|CS|TAMS 0x0000000712200000, 0x0000000712200000| Complete 
| 121|0x0000000712400000, 0x0000000712600000, 0x0000000712600000|100%| E|CS|TAMS 0x0000000712400000, 0x0000000712400000| Complete 
| 122|0x0000000712600000, 0x0000000712800000, 0x0000000712800000|100%| E|CS|TAMS 0x0000000712600000, 0x0000000712600000| Complete 
| 123|0x0000000712800000, 0x0000000712a00000, 0x0000000712a00000|100%| E|CS|TAMS 0x0000000712800000, 0x0000000712800000| Complete 
| 124|0x0000000712a00000, 0x0000000712c00000, 0x0000000712c00000|100%| E|CS|TAMS 0x0000000712a00000, 0x0000000712a00000| Complete 
| 125|0x0000000712c00000, 0x0000000712e00000, 0x0000000712e00000|100%| E|CS|TAMS 0x0000000712c00000, 0x0000000712c00000| Complete 
| 126|0x0000000712e00000, 0x0000000713000000, 0x0000000713000000|100%| E|CS|TAMS 0x0000000712e00000, 0x0000000712e00000| Complete 

Card table byte_map: [0x000001a0755e0000,0x000001a075dd0000] _byte_map_base: 0x000001a071dc7000

Marking Bits (Prev, Next): (CMBitMap*) 0x000001a05c3c3640, (CMBitMap*) 0x000001a05c3c3680
 Prev Bits: [0x000001a0765c0000, 0x000001a07a4f8000)
 Next Bits: [0x000001a07a500000, 0x000001a07e438000)

Polling page: 0x000001a05c410000

Metaspace:

Usage:
  Non-class:      6.41 MB used.
      Class:    517.52 KB used.
       Both:      6.91 MB used.

Virtual space:
  Non-class space:       16.00 MB reserved,       6.50 MB ( 41%) committed,  2 nodes.
      Class space:        1.00 GB reserved,     640.00 KB ( <1%) committed,  1 nodes.
             Both:        1.02 GB reserved,       7.12 MB ( <1%) committed. 

Chunk freelists:
   Non-Class:  3.38 MB
       Class:  3.34 MB
        Both:  6.72 MB

MaxMetaspaceSize: unlimited
CompressedClassSpaceSize: 1.00 GB
Initial GC threshold: 21.00 MB
Current GC threshold: 21.00 MB
CDS: on
MetaspaceReclaimPolicy: balanced
 - commit_granule_bytes: 65536.
 - commit_granule_words: 8192.
 - virtual_space_node_default_size: 1048576.
 - enlarge_chunks_in_place: 1.
 - new_chunks_are_fully_committed: 0.
 - uncommit_free_chunks: 1.
 - use_allocation_guard: 0.
 - handle_deallocations: 1.


Internal statistics:

num_allocs_failed_limit: 0.
num_arena_births: 72.
num_arena_deaths: 0.
num_vsnodes_births: 3.
num_vsnodes_deaths: 0.
num_space_committed: 112.
num_space_uncommitted: 0.
num_chunks_returned_to_freelist: 0.
num_chunks_taken_from_freelist: 277.
num_chunk_merges: 0.
num_chunk_splits: 199.
num_chunks_enlarged: 162.
num_purges: 0.
num_inconsistent_stats: 0.

CodeHeap 'non-profiled nmethods': size=120000Kb used=829Kb max_used=829Kb free=119170Kb
 bounds [0x000001a06ce50000, 0x000001a06d0c0000, 0x000001a074380000]
CodeHeap 'profiled nmethods': size=120000Kb used=3070Kb max_used=3070Kb free=116929Kb
 bounds [0x000001a065920000, 0x000001a065c20000, 0x000001a06ce50000]
CodeHeap 'non-nmethods': size=5760Kb used=1615Kb max_used=1657Kb free=4144Kb
 bounds [0x000001a065380000, 0x000001a0655f0000, 0x000001a065920000]
 total_blobs=2648 nmethods=1615 adapters=946
 compilation: enabled
              stopped_count=0, restarted_count=0
 full_count=0

Compilation events (20 events):
Event: 20.030 Thread 0x000001a07f81fb40 1606       4       com.badlogic.gdx.math.Matrix4::idt (124 bytes)
Event: 20.032 Thread 0x000001a07f81fb40 nmethod 1606 0x000001a06cf1da10 code [0x000001a06cf1db80, 0x000001a06cf1dc98]
Event: 20.579 Thread 0x000001a07f81fb40 1607       4       com.badlogic.gdx.scenes.scene2d.Actor::parentToLocalCoordinates (228 bytes)
Event: 20.580 Thread 0x000001a07f81fb40 nmethod 1607 0x000001a06cf1dd90 code [0x000001a06cf1df40, 0x000001a06cf1e118]
Event: 20.846 Thread 0x000001a07f829510 1608       3       sun.misc.Unsafe::getInt (9 bytes)
Event: 20.846 Thread 0x000001a07f829510 nmethod 1608 0x000001a065c1ef10 code [0x000001a065c1f0a0, 0x000001a065c1f1b8]
Event: 20.846 Thread 0x000001a07f81fb40 1609   !   4       com.badlogic.gdx.scenes.scene2d.Actor::act (188 bytes)
Event: 20.848 Thread 0x000001a07f81fb40 nmethod 1609 0x000001a06cf1e290 code [0x000001a06cf1e400, 0x000001a06cf1e4b8]
Event: 21.379 Thread 0x000001a07f829510 1610       3       org.lwjgl.system.MemoryUtil::memGetInt (9 bytes)
Event: 21.380 Thread 0x000001a07f829510 nmethod 1610 0x000001a065c1f290 code [0x000001a065c1f420, 0x000001a065c1f5f8]
Event: 21.912 Thread 0x000001a07f829510 1611       3       com.badlogic.gdx.InputEventQueue::queueTime (22 bytes)
Event: 21.912 Thread 0x000001a07f829510 nmethod 1611 0x000001a065c1f690 code [0x000001a065c1f840, 0x000001a065c1fa18]
Event: 22.179 Thread 0x000001a07f81fb40 1612       4       com.badlogic.gdx.math.Vector3::sub (23 bytes)
Event: 22.180 Thread 0x000001a07f81fb40 nmethod 1612 0x000001a06cf1e590 code [0x000001a06cf1e700, 0x000001a06cf1e7b8]
Event: 22.713 Thread 0x000001a07f81fb40 1613       4       com.badlogic.gdx.scenes.scene2d.Actor::hit (61 bytes)
Event: 22.714 Thread 0x000001a07f81fb40 nmethod 1613 0x000001a06cf1e890 code [0x000001a06cf1ea40, 0x000001a06cf1eb58]
Event: 22.879 Thread 0x000001a07f81fb40 1614       4       com.badlogic.gdx.graphics.Color::clamp (126 bytes)
Event: 22.881 Thread 0x000001a07f81fb40 nmethod 1614 0x000001a06cf1ec90 code [0x000001a06cf1ee40, 0x000001a06cf1f0b8]
Event: 23.746 Thread 0x000001a07f81fb40 1615       4       com.badlogic.gdx.utils.Array::iterator (43 bytes)
Event: 23.748 Thread 0x000001a07f81fb40 nmethod 1615 0x000001a06cf1f210 code [0x000001a06cf1f3a0, 0x000001a06cf1f4b8]

GC Heap History (4 events):
Event: 1.454 GC heap before
{Heap before GC invocations=0 (full 0):
 garbage-first heap   total 260096K, used 24576K [0x0000000703200000, 0x0000000800000000)
  region size 2048K, 11 young (22528K), 0 survivors (0K)
 Metaspace       used 6127K, committed 6272K, reserved 1064960K
  class space    used 459K, committed 512K, reserved 1048576K
}
Event: 1.456 GC heap after
{Heap after GC invocations=1 (full 0):
 garbage-first heap   total 260096K, used 2645K [0x0000000703200000, 0x0000000800000000)
  region size 2048K, 2 young (4096K), 2 survivors (4096K)
 Metaspace       used 6127K, committed 6272K, reserved 1064960K
  class space    used 459K, committed 512K, reserved 1048576K
}
Event: 2.834 GC heap before
{Heap before GC invocations=1 (full 0):
 garbage-first heap   total 260096K, used 41557K [0x0000000703200000, 0x0000000800000000)
  region size 2048K, 18 young (36864K), 2 survivors (4096K)
 Metaspace       used 6388K, committed 6528K, reserved 1064960K
  class space    used 469K, committed 512K, reserved 1048576K
}
Event: 2.836 GC heap after
{Heap after GC invocations=2 (full 0):
 garbage-first heap   total 260096K, used 2695K [0x0000000703200000, 0x0000000800000000)
  region size 2048K, 2 young (4096K), 2 survivors (4096K)
 Metaspace       used 6388K, committed 6528K, reserved 1064960K
  class space    used 469K, committed 512K, reserved 1048576K
}

Deoptimization events (20 events):
Event: 9.417 Thread 0x000001a05c34feb0 DEOPT PACKING pc=0x000001a06ced3a90 sp=0x0000006e1d9fefc0
Event: 9.417 Thread 0x000001a05c34feb0 DEOPT UNPACKING pc=0x000001a0653d5ba3 sp=0x0000006e1d9fef68 mode 2
Event: 9.420 Thread 0x000001a05c34feb0 Uncommon trap: trap_request=0xffffffd6 fr.pc=0x000001a06ced3a90 relative=0x00000000000001d0
Event: 9.420 Thread 0x000001a05c34feb0 Uncommon trap: reason=array_check action=maybe_recompile pc=0x000001a06ced3a90 method=com.badlogic.gdx.utils.Array.add(Ljava/lang/Object;)V @ 46 c2
Event: 9.420 Thread 0x000001a05c34feb0 DEOPT PACKING pc=0x000001a06ced3a90 sp=0x0000006e1d9fef00
Event: 9.420 Thread 0x000001a05c34feb0 DEOPT UNPACKING pc=0x000001a0653d5ba3 sp=0x0000006e1d9feea8 mode 2
Event: 9.421 Thread 0x000001a05c34feb0 Uncommon trap: trap_request=0xffffffd6 fr.pc=0x000001a06ced3a90 relative=0x00000000000001d0
Event: 9.421 Thread 0x000001a05c34feb0 Uncommon trap: reason=array_check action=maybe_recompile pc=0x000001a06ced3a90 method=com.badlogic.gdx.utils.Array.add(Ljava/lang/Object;)V @ 46 c2
Event: 9.421 Thread 0x000001a05c34feb0 DEOPT PACKING pc=0x000001a06ced3a90 sp=0x0000006e1d9ff020
Event: 9.421 Thread 0x000001a05c34feb0 DEOPT UNPACKING pc=0x000001a0653d5ba3 sp=0x0000006e1d9fefc8 mode 2
Event: 9.421 Thread 0x000001a05c34feb0 Uncommon trap: trap_request=0xffffffd6 fr.pc=0x000001a06ced3a90 relative=0x00000000000001d0
Event: 9.421 Thread 0x000001a05c34feb0 Uncommon trap: reason=array_check action=maybe_recompile pc=0x000001a06ced3a90 method=com.badlogic.gdx.utils.Array.add(Ljava/lang/Object;)V @ 46 c2
Event: 9.421 Thread 0x000001a05c34feb0 DEOPT PACKING pc=0x000001a06ced3a90 sp=0x0000006e1d9fef00
Event: 9.421 Thread 0x000001a05c34feb0 DEOPT UNPACKING pc=0x000001a0653d5ba3 sp=0x0000006e1d9feea8 mode 2
Event: 9.422 Thread 0x000001a05c34feb0 DEOPT PACKING pc=0x000001a065bb595c sp=0x0000006e1d9ff310
Event: 9.422 Thread 0x000001a05c34feb0 DEOPT UNPACKING pc=0x000001a0653d66e3 sp=0x0000006e1d9fe7d0 mode 0
Event: 9.423 Thread 0x000001a05c34feb0 Uncommon trap: trap_request=0xffffff45 fr.pc=0x000001a06ced3ec0 relative=0x0000000000000080
Event: 9.423 Thread 0x000001a05c34feb0 Uncommon trap: reason=unstable_if action=reinterpret pc=0x000001a06ced3ec0 method=java.lang.Math.max(FF)F @ 17 c2
Event: 9.423 Thread 0x000001a05c34feb0 DEOPT PACKING pc=0x000001a06ced3ec0 sp=0x0000006e1d9fecc0
Event: 9.423 Thread 0x000001a05c34feb0 DEOPT UNPACKING pc=0x000001a0653d5ba3 sp=0x0000006e1d9fec60 mode 2

Classes unloaded (0 events):
No events

Classes redefined (0 events):
No events

Internal exceptions (20 events):
Event: 0.165 Thread 0x000001a05c34feb0 Exception <a 'sun/nio/fs/WindowsException'{0x00000007128ffc38}> (0x00000007128ffc38) 
thrown [s\open\src\hotspot\share\prims\jni.cpp, line 516]
Event: 0.173 Thread 0x000001a05c34feb0 Exception <a 'java/lang/NoSuchMethodError'{0x0000000712943140}: 'int java.lang.invoke.DirectMethodHandle$Holder.invokeStaticInit(java.lang.Object, java.lang.Object, int, long)'> (0x0000000712943140) 
thrown [s\open\src\hotspot\share\interpreter\linkResolver.cpp, line 759]
Event: 0.173 Thread 0x000001a05c34feb0 Exception <a 'java/lang/NoSuchMethodError'{0x0000000712948a08}: 'java.lang.Object java.lang.invoke.DirectMethodHandle$Holder.newInvokeSpecial(java.lang.Object, java.lang.Object, int)'> (0x0000000712948a08) 
thrown [s\open\src\hotspot\share\interpreter\linkResolver.cpp, line 759]
Event: 0.175 Thread 0x000001a05c34feb0 Exception <a 'java/lang/NoSuchMethodError'{0x000000071295d8a8}: 'int java.lang.invoke.DirectMethodHandle$Holder.invokeStaticInit(java.lang.Object, java.lang.Object, long, long)'> (0x000000071295d8a8) 
thrown [s\open\src\hotspot\share\interpreter\linkResolver.cpp, line 759]
Event: 0.175 Thread 0x000001a05c34feb0 Exception <a 'java/lang/NoSuchMethodError'{0x00000007129639b8}: 'java.lang.Object java.lang.invoke.DirectMethodHandle$Holder.newInvokeSpecial(java.lang.Object, java.lang.Object, long)'> (0x00000007129639b8) 
thrown [s\open\src\hotspot\share\interpreter\linkResolver.cpp, line 759]
Event: 0.175 Thread 0x000001a05c34feb0 Exception <a 'java/lang/NoSuchMethodError'{0x0000000712967a00}: 'java.lang.Object java.lang.invoke.Invokers$Holder.linkToTargetMethod(java.lang.Object, long, java.lang.Object)'> (0x0000000712967a00) 
thrown [s\open\src\hotspot\share\interpreter\linkResolver.cpp, line 759]
Event: 0.176 Thread 0x000001a05c34feb0 Exception <a 'java/lang/NoSuchMethodError'{0x000000071296f1a0}: 'int java.lang.invoke.DirectMethodHandle$Holder.invokeStaticInit(java.lang.Object, java.lang.Object, java.lang.Object, long)'> (0x000000071296f1a0) 
thrown [s\open\src\hotspot\share\interpreter\linkResolver.cpp, line 759]
Event: 0.188 Thread 0x000001a05c34feb0 Exception <a 'sun/nio/fs/WindowsException'{0x0000000712626d80}> (0x0000000712626d80) 
thrown [s\open\src\hotspot\share\prims\jni.cpp, line 516]
Event: 0.188 Thread 0x000001a05c34feb0 Exception <a 'sun/nio/fs/WindowsException'{0x0000000712627110}> (0x0000000712627110) 
thrown [s\open\src\hotspot\share\prims\jni.cpp, line 516]
Event: 0.204 Thread 0x000001a05c34feb0 Exception <a 'sun/nio/fs/WindowsException'{0x00000007126e8380}> (0x00000007126e8380) 
thrown [s\open\src\hotspot\share\prims\jni.cpp, line 516]
Event: 0.204 Thread 0x000001a05c34feb0 Exception <a 'sun/nio/fs/WindowsException'{0x00000007126e86e0}> (0x00000007126e86e0) 
thrown [s\open\src\hotspot\share\prims\jni.cpp, line 516]
Event: 0.232 Thread 0x000001a05c34feb0 Exception <a 'sun/nio/fs/WindowsException'{0x00000007127b7c40}> (0x00000007127b7c40) 
thrown [s\open\src\hotspot\share\prims\jni.cpp, line 516]
Event: 0.232 Thread 0x000001a05c34feb0 Exception <a 'sun/nio/fs/WindowsException'{0x00000007127b7fc0}> (0x00000007127b7fc0) 
thrown [s\open\src\hotspot\share\prims\jni.cpp, line 516]
Event: 1.054 Thread 0x000001a05c34feb0 Exception <a 'java/lang/NoSuchMethodError'{0x0000000712403ad8}: 'java.lang.Object java.lang.invoke.DirectMethodHandle$Holder.newInvokeSpecial(java.lang.Object, long)'> (0x0000000712403ad8) 
thrown [s\open\src\hotspot\share\interpreter\linkResolver.cpp, line 759]
Event: 1.239 Thread 0x000001a05c34feb0 Exception <a 'java/lang/NoSuchMethodError'{0x0000000712534e38}: 'void java.lang.invoke.DirectMethodHandle$Holder.invokeStatic(java.lang.Object, long)'> (0x0000000712534e38) 
thrown [s\open\src\hotspot\share\interpreter\linkResolver.cpp, line 759]
Event: 1.247 Thread 0x000001a05c34feb0 Exception <a 'sun/nio/fs/WindowsException'{0x0000000712571bf8}> (0x0000000712571bf8) 
thrown [s\open\src\hotspot\share\prims\jni.cpp, line 516]
Event: 1.247 Thread 0x000001a05c34feb0 Exception <a 'sun/nio/fs/WindowsException'{0x0000000712571fa0}> (0x0000000712571fa0) 
thrown [s\open\src\hotspot\share\prims\jni.cpp, line 516]
Event: 1.250 Thread 0x000001a05c34feb0 Exception <a 'sun/nio/fs/WindowsException'{0x0000000712581350}> (0x0000000712581350) 
thrown [s\open\src\hotspot\share\prims\jni.cpp, line 516]
Event: 1.250 Thread 0x000001a05c34feb0 Exception <a 'sun/nio/fs/WindowsException'{0x0000000712581630}> (0x0000000712581630) 
thrown [s\open\src\hotspot\share\prims\jni.cpp, line 516]
Event: 9.402 Thread 0x000001a05c34feb0 Implicit null exception at 0x000001a06cf094ac to 0x000001a06cf09728

VM Operations (20 events):
Event: 5.838 Executing VM operation: Cleanup done
Event: 6.839 Executing VM operation: Cleanup
Event: 6.839 Executing VM operation: Cleanup done
Event: 8.839 Executing VM operation: Cleanup
Event: 8.839 Executing VM operation: Cleanup done
Event: 9.385 Executing VM operation: HandshakeAllThreads
Event: 9.385 Executing VM operation: HandshakeAllThreads done
Event: 9.388 Executing VM operation: HandshakeAllThreads
Event: 9.388 Executing VM operation: HandshakeAllThreads done
Event: 10.388 Executing VM operation: Cleanup
Event: 10.388 Executing VM operation: Cleanup done
Event: 12.388 Executing VM operation: Cleanup
Event: 12.389 Executing VM operation: Cleanup done
Event: 14.389 Executing VM operation: Cleanup
Event: 14.389 Executing VM operation: Cleanup done
Event: 16.389 Executing VM operation: Cleanup
Event: 16.389 Executing VM operation: Cleanup done
Event: 19.389 Executing VM operation: Cleanup
Event: 19.390 Executing VM operation: Cleanup done
Event: 23.879 Executing VM operation: Exit

Events (20 events):
Event: 1.602 loading class jdk/internal/reflect/Label
Event: 1.602 loading class jdk/internal/reflect/Label done
Event: 1.602 loading class jdk/internal/reflect/Label$PatchInfo
Event: 1.602 loading class jdk/internal/reflect/Label$PatchInfo done
Event: 1.602 loading class jdk/internal/reflect/MethodAccessorGenerator$1
Event: 1.602 loading class jdk/internal/reflect/MethodAccessorGenerator$1 done
Event: 1.602 loading class jdk/internal/reflect/ClassDefiner
Event: 1.602 loading class jdk/internal/reflect/ClassDefiner done
Event: 1.602 loading class jdk/internal/reflect/ClassDefiner$1
Event: 1.602 loading class jdk/internal/reflect/ClassDefiner$1 done
Event: 1.602 loading class jdk/internal/reflect/BootstrapConstructorAccessorImpl
Event: 1.602 loading class jdk/internal/reflect/BootstrapConstructorAccessorImpl done
Event: 1.848 Thread 0x000001a0041e8af0 Thread exited: 0x000001a0041e8af0
Event: 2.017 Thread 0x000001a0041af450 Thread exited: 0x000001a0041af450
Event: 9.420 loading class java/lang/NegativeArraySizeException
Event: 9.420 loading class java/lang/NegativeArraySizeException done
Event: 9.420 loading class java/lang/StringIndexOutOfBoundsException
Event: 9.420 loading class java/lang/StringIndexOutOfBoundsException done
Event: 9.420 loading class java/lang/ArrayIndexOutOfBoundsException
Event: 9.420 loading class java/lang/ArrayIndexOutOfBoundsException done


Dynamic libraries:
0x00007ff608520000 - 0x00007ff608530000 	C:\Program Files\Java\jdk-17.0.5\bin\java.exe
0x00007ffe2ae30000 - 0x00007ffe2b044000 	C:\WINDOWS\SYSTEM32\ntdll.dll
0x00007ffe29c00000 - 0x00007ffe29cc2000 	C:\WINDOWS\System32\KERNEL32.DLL
0x00007ffe28550000 - 0x00007ffe288ec000 	C:\WINDOWS\System32\KERNELBASE.dll
0x00007ffe28b20000 - 0x00007ffe28c31000 	C:\WINDOWS\System32\ucrtbase.dll
0x00007ffe1c630000 - 0x00007ffe1c648000 	C:\Program Files\Java\jdk-17.0.5\bin\jli.dll
0x00007ffe1c530000 - 0x00007ffe1c54a000 	C:\Program Files\Java\jdk-17.0.5\bin\VCRUNTIME140.dll
0x00007ffe29060000 - 0x00007ffe2910e000 	C:\WINDOWS\System32\ADVAPI32.dll
0x00007ffe29350000 - 0x00007ffe293f7000 	C:\WINDOWS\System32\msvcrt.dll
0x00007ffe29880000 - 0x00007ffe29924000 	C:\WINDOWS\System32\sechost.dll
0x00007ffe2a090000 - 0x00007ffe2a1a7000 	C:\WINDOWS\System32\RPCRT4.dll
0x00007ffe29cd0000 - 0x00007ffe29e7b000 	C:\WINDOWS\System32\USER32.dll
0x00007ffe03c00000 - 0x00007ffe03e8e000 	C:\WINDOWS\WinSxS\amd64_microsoft.windows.common-controls_6595b64144ccf1df_6.0.22621.608_none_a9444ca7c10bb01d\COMCTL32.dll
0x00007ffe29ff0000 - 0x00007ffe2a019000 	C:\WINDOWS\System32\GDI32.dll
0x00007ffe28330000 - 0x00007ffe28356000 	C:\WINDOWS\System32\win32u.dll
0x00007ffe28a00000 - 0x00007ffe28b13000 	C:\WINDOWS\System32\gdi32full.dll
0x00007ffe1f840000 - 0x00007ffe1f84a000 	C:\WINDOWS\SYSTEM32\VERSION.dll
0x00007ffe28960000 - 0x00007ffe289fa000 	C:\WINDOWS\System32\msvcp_win.dll
0x00007ffe2ab90000 - 0x00007ffe2abc1000 	C:\WINDOWS\System32\IMM32.DLL
0x00007ffe22fa0000 - 0x00007ffe22fac000 	C:\Program Files\Java\jdk-17.0.5\bin\vcruntime140_1.dll
0x00007ffdcb9c0000 - 0x00007ffdcba4d000 	C:\Program Files\Java\jdk-17.0.5\bin\msvcp140.dll
0x00007ffd9acf0000 - 0x00007ffd9b8b2000 	C:\Program Files\Java\jdk-17.0.5\bin\server\jvm.dll
0x00007ffe2a020000 - 0x00007ffe2a028000 	C:\WINDOWS\System32\PSAPI.DLL
0x00007ffe1f870000 - 0x00007ffe1f8a4000 	C:\WINDOWS\SYSTEM32\WINMM.dll
0x00007ffe21c70000 - 0x00007ffe21c79000 	C:\WINDOWS\SYSTEM32\WSOCK32.dll
0x00007ffe292d0000 - 0x00007ffe29341000 	C:\WINDOWS\System32\WS2_32.dll
0x00007ffe273b0000 - 0x00007ffe273c8000 	C:\WINDOWS\SYSTEM32\kernel.appcore.dll
0x00007ffe1d550000 - 0x00007ffe1d55a000 	C:\Program Files\Java\jdk-17.0.5\bin\jimage.dll
0x00007ffe1ff00000 - 0x00007ffe2012e000 	C:\WINDOWS\SYSTEM32\DBGHELP.DLL
0x00007ffe28c60000 - 0x00007ffe28fe9000 	C:\WINDOWS\System32\combase.dll
0x00007ffe2a9b0000 - 0x00007ffe2aa87000 	C:\WINDOWS\System32\OLEAUT32.dll
0x00007ffdf2bb0000 - 0x00007ffdf2be2000 	C:\WINDOWS\SYSTEM32\dbgcore.DLL
0x00007ffe28360000 - 0x00007ffe283db000 	C:\WINDOWS\System32\bcryptPrimitives.dll
0x00007ffe12410000 - 0x00007ffe12435000 	C:\Program Files\Java\jdk-17.0.5\bin\java.dll
0x00007ffdc71b0000 - 0x00007ffdc7286000 	C:\Program Files\Java\jdk-17.0.5\bin\jsvml.dll
0x00007ffe2a1b0000 - 0x00007ffe2a9a0000 	C:\WINDOWS\System32\SHELL32.dll
0x00007ffe26290000 - 0x00007ffe26b5d000 	C:\WINDOWS\SYSTEM32\windows.storage.dll
0x00007ffe26150000 - 0x00007ffe2628e000 	C:\WINDOWS\SYSTEM32\wintypes.dll
0x00007ffe29e80000 - 0x00007ffe29f71000 	C:\WINDOWS\System32\SHCORE.dll
0x00007ffe2a030000 - 0x00007ffe2a08e000 	C:\WINDOWS\System32\shlwapi.dll
0x00007ffe281a0000 - 0x00007ffe281c1000 	C:\WINDOWS\SYSTEM32\profapi.dll
0x00007ffe1c0e0000 - 0x00007ffe1c0f9000 	C:\Program Files\Java\jdk-17.0.5\bin\net.dll
0x00007ffe22590000 - 0x00007ffe226c7000 	C:\WINDOWS\SYSTEM32\WINHTTP.dll
0x00007ffe27820000 - 0x00007ffe27889000 	C:\WINDOWS\system32\mswsock.dll
0x00007ffe11f70000 - 0x00007ffe11f86000 	C:\Program Files\Java\jdk-17.0.5\bin\nio.dll
0x00007ffe11e00000 - 0x00007ffe11e18000 	C:\Program Files\Java\jdk-17.0.5\bin\zip.dll
0x00000000701b0000 - 0x00000000701d9000 	C:\Users\mvict\AppData\Local\Temp\libgdxmvict\e787ab0a\gdx64.dll
0x00007ffe0d440000 - 0x00007ffe0d4b5000 	C:\Users\mvict\AppData\Local\Temp\lwjglmvict\3.3.1-build-7\lwjgl.dll
0x00007ffdb5b50000 - 0x00007ffdb5da9000 	C:\Users\mvict\AppData\Local\Temp\lwjglmvict\3.3.1-build-7\jemalloc.dll
0x00007ffde8220000 - 0x00007ffde8281000 	C:\Users\mvict\AppData\Local\Temp\lwjglmvict\3.3.1-build-7\glfw.dll
0x00007ffde4260000 - 0x00007ffde42a6000 	C:\WINDOWS\SYSTEM32\dinput8.dll
0x00007ffe1eb90000 - 0x00007ffe1eba1000 	C:\WINDOWS\SYSTEM32\xinput1_4.dll
0x00007ffe27f60000 - 0x00007ffe27fae000 	C:\WINDOWS\SYSTEM32\cfgmgr32.dll
0x00007ffe27f30000 - 0x00007ffe27f5c000 	C:\WINDOWS\SYSTEM32\DEVOBJ.dll
0x00007ffe25aa0000 - 0x00007ffe25acb000 	C:\WINDOWS\SYSTEM32\dwmapi.dll
0x00007ffe1e170000 - 0x00007ffe1e371000 	C:\WINDOWS\SYSTEM32\inputhost.dll
0x00007ffe24f70000 - 0x00007ffe250a3000 	C:\WINDOWS\SYSTEM32\CoreMessaging.dll
0x00007ffe25540000 - 0x00007ffe255eb000 	C:\WINDOWS\system32\uxtheme.dll
0x00007ffe2abd0000 - 0x00007ffe2acee000 	C:\WINDOWS\System32\MSCTF.dll
0x00007ffe27aa0000 - 0x00007ffe27aac000 	C:\WINDOWS\SYSTEM32\CRYPTBASE.DLL
0x00007ffdc7bf0000 - 0x00007ffdc7d87000 	C:\Users\mvict\AppData\Local\Temp\lwjglmvict\3.3.1-build-7\OpenAL.dll
0x00007ffe299e0000 - 0x00007ffe29b7c000 	C:\WINDOWS\System32\ole32.dll
0x00007ffe29930000 - 0x00007ffe299e0000 	C:\WINDOWS\System32\clbcatq.dll
0x00007ffe18050000 - 0x00007ffe180ed000 	C:\WINDOWS\System32\MMDevApi.dll
0x00007ffe169d0000 - 0x00007ffe16bb4000 	C:\WINDOWS\SYSTEM32\AUDIOSES.DLL
0x00007ffe25e00000 - 0x00007ffe25e15000 	C:\WINDOWS\SYSTEM32\resourcepolicyclient.dll
0x00007ffe27180000 - 0x00007ffe271cd000 	C:\WINDOWS\SYSTEM32\powrprof.dll
0x00007ffe27160000 - 0x00007ffe27173000 	C:\WINDOWS\SYSTEM32\UMPDC.dll
0x00007ffe06870000 - 0x00007ffe06970000 	C:\WINDOWS\SYSTEM32\opengl32.dll
0x00007ffe067f0000 - 0x00007ffe0681d000 	C:\WINDOWS\SYSTEM32\GLU32.dll
0x00007ffe25890000 - 0x00007ffe258c6000 	C:\WINDOWS\SYSTEM32\dxcore.dll
0x00007ffe22300000 - 0x00007ffe22348000 	C:\WINDOWS\SYSTEM32\directxdatabasehelper.dll
0x00007ffe1e930000 - 0x00007ffe1ea64000 	C:\Windows\System32\AppXDeploymentClient.dll
0x00007ffdbae60000 - 0x00007ffdbbd42000 	C:\WINDOWS\System32\DriverStore\FileRepository\iigd_dch.inf_amd64_bfe84eb1e274c090\ig12icd64.dll
0x00007ffe258d0000 - 0x00007ffe259c6000 	C:\WINDOWS\system32\dxgi.dll
0x00007ffdb44d0000 - 0x00007ffdb4677000 	C:\WINDOWS\System32\DriverStore\FileRepository\iigd_dch.inf_amd64_bfe84eb1e274c090\igdgmm64.dll
0x00007ffd7f000000 - 0x00007ffd818ea000 	C:\WINDOWS\System32\DriverStore\FileRepository\iigd_dch.inf_amd64_bfe84eb1e274c090\igc64.dll
0x00007ffdbfdb0000 - 0x00007ffdc01a1000 	C:\WINDOWS\System32\DriverStore\FileRepository\iigd_dch.inf_amd64_bfe84eb1e274c090\igdml64.dll
0x00007ffe1e380000 - 0x00007ffe1e4ae000 	C:\WINDOWS\SYSTEM32\textinputframework.dll
0x00007ffe21300000 - 0x00007ffe2166c000 	C:\WINDOWS\SYSTEM32\CoreUIComponents.dll
0x00007ffdf6570000 - 0x00007ffdf65d9000 	C:\WINDOWS\system32\Oleacc.dll
0x00007ffe21fd0000 - 0x00007ffe2208c000 	C:\WINDOWS\SYSTEM32\mscms.dll
0x00007ffe03eb0000 - 0x00007ffe03ef9000 	C:\WINDOWS\SYSTEM32\icm32.dll
0x00007ffddc6d0000 - 0x00007ffddc72d000 	C:\Users\mvict\AppData\Local\Temp\lwjglmvict\3.3.1-build-7\lwjgl_opengl.dll

dbghelp: loaded successfully - version: 4.0.5 - missing functions: none
symbol engine: initialized successfully - sym options: 0x614 - pdb path: .;C:\Program Files\Java\jdk-17.0.5\bin;C:\WINDOWS\SYSTEM32;C:\WINDOWS\WinSxS\amd64_microsoft.windows.common-controls_6595b64144ccf1df_6.0.22621.608_none_a9444ca7c10bb01d;C:\Program Files\Java\jdk-17.0.5\bin\server;C:\Users\mvict\AppData\Local\Temp\libgdxmvict\e787ab0a;C:\Users\mvict\AppData\Local\Temp\lwjglmvict\3.3.1-build-7;C:\WINDOWS\System32\DriverStore\FileRepository\iigd_dch.inf_amd64_bfe84eb1e274c090

VM Arguments:
jvm_args: -XX:+ShowCodeDetailsInExceptionMessages 
java_command: com.mygdx.code.DesktopLauncher
java_class_path (initial): C:\Users\mvict\OneDrive\Documentos\GitHub\UMA-IIS23-C-E3\Code\desktop\bin\main;\Code-core\bin\default;C:\Users\mvict\OneDrive\Documentos\GitHub\UMA-IIS23-C-E3\Code\core\bin\main;C:\Users\mvict\.gradle\caches\modules-2\files-2.1\com.badlogicgames.gdx\gdx-backend-lwjgl3\1.11.0\58a96db4cd349be4292d547856aa1e1c5f065f4e\gdx-backend-lwjgl3-1.11.0.jar;C:\Users\mvict\.gradle\caches\modules-2\files-2.1\com.badlogicgames.gdx\gdx-platform\1.11.0\697fb13eada6d3c6ca648c9788692b0159add126\gdx-platform-1.11.0-natives-desktop.jar;C:\Users\mvict\.gradle\caches\modules-2\files-2.1\com.badlogicgames.gdx\gdx-box2d-platform\1.11.0\62ff9baa1e57a11e0a4428a38c9660bf9f312fdc\gdx-box2d-platform-1.11.0-natives-desktop.jar;C:\Users\mvict\.gradle\caches\modules-2\files-2.1\com.badlogicgames.gdx\gdx-ai\1.8.2\ab75d2ce80ab1b1ce6828a15dc0f417abac4c674\gdx-ai-1.8.2.jar;C:\Users\mvict\.gradle\caches\modules-2\files-2.1\com.badlogicgames.gdx\gdx-box2d\1.11.0\ad4facee800dd945d6d6e93dea2936bc135b5f\gdx-box2d-1.11.0.jar;C:\Users\mvict\.gradle\caches\modules-2\files-2.1\com.badlogicgames.gdx\gdx\1.11.0\ffe1206d1004cd9e40027e28964be0fea0399af7\gdx-1.11.0.jar;C:\Users\mvict\.gradle\caches\modules-2\files-2.1\org.lwjgl\lwjgl-glfw\3.3.1\cbac1b8d30cb4795149c1ef540f912671a8616d0\lwjgl-glfw-3.3.1.jar;C:\Users\mvict\.gradle\caches\modules-2\files-2.1\org.lwjgl\lwjgl-glfw\3.3.1\81716978214ecbda15050ca394b06ef61501a49e\lwjgl-glfw-3.3.1-natives-linux.jar;C:\Users\mvict\.gradle\caches\modules-2\files-2.1\org.lwjgl\lwjgl-glfw\3.3.1\816d935933f2dd743074c4e717cc25b55720f294\lwjgl-glfw-3.3.1-natives-linux-arm32.jar;C:\Users\mvict\.gradle\caches\modules-2\files-2.1\org.lwjgl\lwjgl-glfw\3.3.1\513eb39b866d0fe131a18d5c517087805433b029\lwjgl-glfw-3.3.1-natives-linux-arm64.jar;C:\Users\mvict\.gradle\caches\modules-2\files-2.1\org.lwjgl\lwjgl-glfw\3.3.1\9ec4ce1fc8c85fdef03ef4ff2aace6f5775fb280\lwjgl-glfw-3.3.1-natives-macos.jar;C:\Users\mvict\.gradle\caches\modules-2\files-2.1\org.lwjgl\lwjgl-glfw\3
Launcher Type: SUN_STANDARD

[Global flags]
     intx CICompilerCount                          = 4                                         {product} {ergonomic}
     uint ConcGCThreads                            = 2                                         {product} {ergonomic}
     uint G1ConcRefinementThreads                  = 8                                         {product} {ergonomic}
   size_t G1HeapRegionSize                         = 2097152                                   {product} {ergonomic}
    uintx GCDrainStackTargetSize                   = 64                                        {product} {ergonomic}
   size_t InitialHeapSize                          = 266338304                                 {product} {ergonomic}
   size_t MarkStackSize                            = 4194304                                   {product} {ergonomic}
   size_t MaxHeapSize                              = 4242538496                                {product} {ergonomic}
   size_t MaxNewSize                               = 2543845376                                {product} {ergonomic}
   size_t MinHeapDeltaBytes                        = 2097152                                   {product} {ergonomic}
   size_t MinHeapSize                              = 8388608                                   {product} {ergonomic}
    uintx NonNMethodCodeHeapSize                   = 5839372                                {pd product} {ergonomic}
    uintx NonProfiledCodeHeapSize                  = 122909434                              {pd product} {ergonomic}
    uintx ProfiledCodeHeapSize                     = 122909434                              {pd product} {ergonomic}
    uintx ReservedCodeCacheSize                    = 251658240                              {pd product} {ergonomic}
     bool SegmentedCodeCache                       = true                                      {product} {ergonomic}
     bool ShowCodeDetailsInExceptionMessages       = true                                   {manageable} {command line}
   size_t SoftMaxHeapSize                          = 4242538496                             {manageable} {ergonomic}
     bool UseCompressedClassPointers               = true                           {product lp64_product} {ergonomic}
     bool UseCompressedOops                        = true                           {product lp64_product} {ergonomic}
     bool UseG1GC                                  = true                                      {product} {ergonomic}
     bool UseLargePagesIndividualAllocation        = false                                  {pd product} {ergonomic}

Logging:
Log output configuration:
 #0: stdout all=off uptime,level,tags
 #1: stderr all=off uptime,level,tags

Environment Variables:
PATH=C:\UNIVERSIDAD\mingw\MinGW\mingw64\bin;C:\Program Files\Common Files\Oracle\Java\javapath;C:\Program Files (x86)\Common Files\Oracle\Java\javapath;C:\Program Files\Haskell\bin;C:\UNIVERSIDAD\Haskell\8.6.5\lib\extralibs\bin;C:\UNIVERSIDAD\Haskell\8.6.5\bin;C:\ProgramData\Oracle\Java\javapath;C:\WINDOWS\system32;C:\WINDOWS;C:\WINDOWS\System32\Wbem;C:\WINDOWS\System32\WindowsPowerShell\v1.0\;C:\WINDOWS\System32\OpenSSH\;C:\calibre\;C:\Program Files\dotnet\;C:\UNIVERSIDAD\Haskell\8.6.5\mingw\bin;C:\yagarto-20121222\bin;C:\UNIVERSIDAD\Git\Git\cmd;C:\Users\mvict\AppData\Roaming\cabal\bin;C:\Users\mvict\AppData\Roaming\local\bin;C:\Users\mvict\AppData\Local\Microsoft\WindowsApps;C:\Users\mvict\AppData\Local\Programs\Microsoft VS Code\bin;C:\yagarto-20121222\bin;C:\UNIVERSIDAD\IntelliJ\IntelliJ IDEA Community Edition 2022.2.3\bin;;C:\Users\mvict\AppData\Local\GitHubDesktop\bin
USERNAME=mvict
LANG=en_US.UTF-8
OS=Windows_NT
PROCESSOR_IDENTIFIER=Intel64 Family 6 Model 140 Stepping 1, GenuineIntel



---------------  S Y S T E M  ---------------

OS:
 Windows 11 , 64 bit Build 22621 (10.0.22621.1485)
OS uptime: 9 days 1:07 hours

CPU: total 8 (initial active 8) (4 cores per cpu, 2 threads per core) family 6 model 140 stepping 1 microcode 0x86, cx8, cmov, fxsr, ht, mmx, 3dnowpref, sse, sse2, sse3, ssse3, sse4.1, sse4.2, popcnt, lzcnt, tsc, tscinvbit, avx, avx2, aes, erms, clmul, bmi1, bmi2, adx, avx512f, avx512dq, avx512cd, avx512bw, avx512vl, sha, fma, vzeroupper, avx512_vpopcntdq, avx512_vpclmulqdq, avx512_vaes, avx512_vnni, clflush, clflushopt, clwb, avx512_vbmi2, avx512_vbmi

Memory: 4k page, system-wide physical 16179M (5839M free)
TotalPageFile size 17265M (AvailPageFile size 2561M)
current process WorkingSet (physical memory assigned to process): 410M, peak: 425M
current process commit charge ("private bytes"): 548M, peak: 564M

vm_info: Java HotSpot(TM) 64-Bit Server VM (17.0.5+9-LTS-191) for windows-amd64 JRE (17.0.5+9-LTS-191), built on Sep 13 2022 17:31:43 by "mach5one" with MS VC++ 16.8 / 16.9 (VS2019)

END.
